0 info it worked if it ends with ok
1 verbose cli [ 'node', '/usr/local/bin/npm', 'install', '-g', 'yo' ]
2 info using npm@1.3.11
3 info using node@v0.8.15
4 verbose cache add [ 'yo', null ]
5 verbose cache add name=undefined spec="yo" args=["yo",null]
6 verbose parsed url { pathname: 'yo', path: 'yo', href: 'yo' }
7 silly lockFile c41975d1-yo yo
8 verbose lock yo /Users/jjozwiak/.npm/c41975d1-yo.lock
9 silly lockFile c41975d1-yo yo
10 silly lockFile c41975d1-yo yo
11 verbose addNamed [ 'yo', '' ]
12 verbose addNamed [ null, '*' ]
13 silly lockFile d937c28e-yo yo@
14 verbose lock yo@ /Users/jjozwiak/.npm/d937c28e-yo.lock
15 silly addNameRange { name: 'yo', range: '*', hasData: false }
16 verbose url raw yo
17 verbose url resolving [ 'https://registry.npmjs.org/', './yo' ]
18 verbose url resolved https://registry.npmjs.org/yo
19 info trying registry request attempt 1 at 23:21:56
20 verbose etag "693ZA6VR903RRRE095ETQZGA1"
21 http GET https://registry.npmjs.org/yo
22 http 200 https://registry.npmjs.org/yo
23 silly registry.get cb [ 200,
23 silly registry.get   { vary: 'Accept',
23 silly registry.get     server: 'CouchDB/1.3.1 (Erlang OTP/R15B03)',
23 silly registry.get     etag: '"4U58AX77IK63ZQGCG6ZH5Z6RT"',
23 silly registry.get     date: 'Thu, 24 Oct 2013 04:21:58 GMT',
23 silly registry.get     'content-type': 'application/json',
23 silly registry.get     'content-length': '50140' } ]
24 silly addNameRange number 2 { name: 'yo', range: '*', hasData: true }
25 silly addNameRange versions [ 'yo',
25 silly addNameRange   [ '1.0.0-beta.1',
25 silly addNameRange     '1.0.0-beta.2',
25 silly addNameRange     '1.0.0-beta.3',
25 silly addNameRange     '1.0.0-beta.4',
25 silly addNameRange     '1.0.0-beta.5',
25 silly addNameRange     '1.0.0-beta.6',
25 silly addNameRange     '1.0.0-beta.7',
25 silly addNameRange     '1.0.0-rc.1',
25 silly addNameRange     '1.0.0-rc.1.1',
25 silly addNameRange     '1.0.0-rc.1.2',
25 silly addNameRange     '1.0.0-rc.1.3',
25 silly addNameRange     '1.0.0-rc.1.4',
25 silly addNameRange     '1.0.0',
25 silly addNameRange     '1.0.1',
25 silly addNameRange     '1.0.2',
25 silly addNameRange     '1.0.3',
25 silly addNameRange     '1.0.4' ] ]
26 verbose addNamed [ 'yo', '1.0.4' ]
27 verbose addNamed [ '1.0.4', '1.0.4' ]
28 silly lockFile e8e4e143-yo-1-0-4 yo@1.0.4
29 verbose lock yo@1.0.4 /Users/jjozwiak/.npm/e8e4e143-yo-1-0-4.lock
30 silly lockFile e8e4e143-yo-1-0-4 yo@1.0.4
31 silly lockFile e8e4e143-yo-1-0-4 yo@1.0.4
32 silly lockFile d937c28e-yo yo@
33 silly lockFile d937c28e-yo yo@
34 silly resolved [ { name: 'yo',
34 silly resolved     version: '1.0.4',
34 silly resolved     description: 'CLI tool for scaffolding out Yeoman projects',
34 silly resolved     keywords:
34 silly resolved      [ 'front-end',
34 silly resolved        'development',
34 silly resolved        'dev',
34 silly resolved        'build',
34 silly resolved        'web',
34 silly resolved        'tool',
34 silly resolved        'cli',
34 silly resolved        'scaffold',
34 silly resolved        'stack' ],
34 silly resolved     homepage: 'http://yeoman.io',
34 silly resolved     bugs: { url: 'https://github.com/yeoman/yo/issues' },
34 silly resolved     author: { name: 'Chrome Developer Relations' },
34 silly resolved     bin: { yo: 'bin/yo' },
34 silly resolved     repository: { type: 'git', url: 'git://github.com/yeoman/yo.git' },
34 silly resolved     scripts: { test: 'mocha' },
34 silly resolved     dependencies:
34 silly resolved      { 'yeoman-generator': '~0.13.2',
34 silly resolved        nopt: '~2.1.1',
34 silly resolved        lodash: '~1.3.1',
34 silly resolved        'update-notifier': '~0.1.3',
34 silly resolved        insight: '~0.2.0',
34 silly resolved        'sudo-block': '~0.2.0',
34 silly resolved        async: '~0.2.9',
34 silly resolved        open: '0.0.4',
34 silly resolved        chalk: '~0.2.0' },
34 silly resolved     peerDependencies: { 'grunt-cli': '~0.1.7', bower: '>=0.9.0' },
34 silly resolved     devDependencies:
34 silly resolved      { mocha: '~1.12.0',
34 silly resolved        ronn: '~0.4.0',
34 silly resolved        grunt: '~0.4.1',
34 silly resolved        mockery: '~1.4.0' },
34 silly resolved     engines: { node: '>=0.8.0', npm: '>=1.2.10' },
34 silly resolved     preferGlobal: true,
34 silly resolved     licenses: [ [Object] ],
34 silly resolved     files: [ 'bin' ],
34 silly resolved     readme: '# Yo [![Build Status](https://secure.travis-ci.org/yeoman/yo.png?branch=master)](http://travis-ci.org/yeoman/yo)\n\nCLI tool for scaffolding out [Yeoman](https://github.com/yeoman/yeoman) projects.\n\n\n## [Documentation](https://github.com/yeoman/yeoman/wiki)\n\n\n## Options\n\n- `--no-color` flag to disable colors.\n\n- `--[no-]insight` to toggle anonymous [Insight](https://github.com/yeoman/insight) tracking which helps us improve Yeoman. Using either of these flags on the first run will prevent you from being prompted about it interactively. The flags can also be used to change it later on.\n\n\n## Contribute\n\nSee the [contributing docs](https://github.com/yeoman/yeoman/blob/master/contributing.md).\n\n\n## License\n\n[BSD license](http://opensource.org/licenses/bsd-license.php) and copyright Google.\n',
34 silly resolved     readmeFilename: 'readme.md',
34 silly resolved     _id: 'yo@1.0.4',
34 silly resolved     _from: 'yo@' } ]
35 info install yo@1.0.4 into /usr/local/lib
36 info installOne yo@1.0.4
37 info /usr/local/lib/node_modules/yo unbuild
38 info preuninstall yo@1.0.4
39 info uninstall yo@1.0.4
40 verbose true,/usr/local/lib/node_modules,/usr/local/lib/node_modules unbuild yo@1.0.4
41 verbose /usr/local/bin,[object Object] binRoot
42 info postuninstall yo@1.0.4
43 info /usr/local/lib/node_modules/yo unbuild
44 info preuninstall yo@1.0.4
45 info uninstall yo@1.0.4
46 verbose true,/usr/local/lib/node_modules,/usr/local/lib/node_modules unbuild yo@1.0.4
47 verbose /usr/local/bin,[object Object] binRoot
48 info postuninstall yo@1.0.4
49 error error rolling back Error: EACCES, unlink '/usr/local/lib/node_modules/yo'
49 error error rolling back  yo@1.0.4 { [Error: EACCES, unlink '/usr/local/lib/node_modules/yo']
49 error error rolling back   errno: 3,
49 error error rolling back   code: 'EACCES',
49 error error rolling back   path: '/usr/local/lib/node_modules/yo' }
50 error Error: EACCES, unlink '/usr/local/lib/node_modules/yo'
50 error  { [Error: EACCES, unlink '/usr/local/lib/node_modules/yo']
50 error   errno: 3,
50 error   code: 'EACCES',
50 error   path: '/usr/local/lib/node_modules/yo' }
51 error Please try running this command again as root/Administrator.
52 error System Darwin 12.5.0
53 error command "node" "/usr/local/bin/npm" "install" "-g" "yo"
54 error cwd /Applications/MAMP/htdocs/java-sandbox/assignment1
55 error node -v v0.8.15
56 error npm -v 1.3.11
57 error path /usr/local/lib/node_modules/yo
58 error code EACCES
59 error errno 3
60 error stack Error: EACCES, unlink '/usr/local/lib/node_modules/yo'
61 verbose exit [ 3, true ]
